TN:
SF:src\controllers\roomController.js
FN:4,(anonymous_0)
FN:9,(anonymous_1)
FN:26,(anonymous_2)
FN:41,(anonymous_3)
FN:62,(anonymous_4)
FN:87,(anonymous_5)
FN:110,(anonymous_6)
FN:132,(anonymous_7)
FN:156,(anonymous_8)
FNF:9
FNH:6
FNDA:15,(anonymous_0)
FNDA:2,(anonymous_1)
FNDA:3,(anonymous_2)
FNDA:3,(anonymous_3)
FNDA:4,(anonymous_4)
FNDA:0,(anonymous_5)
FNDA:3,(anonymous_6)
FNDA:0,(anonymous_7)
FNDA:0,(anonymous_8)
DA:1,2
DA:5,15
DA:10,2
DA:11,2
DA:12,2
DA:18,2
DA:19,1
DA:21,1
DA:27,3
DA:28,3
DA:29,3
DA:30,1
DA:32,2
DA:33,2
DA:35,0
DA:42,3
DA:43,3
DA:44,3
DA:46,3
DA:54,3
DA:55,2
DA:57,1
DA:63,4
DA:64,4
DA:65,4
DA:67,4
DA:72,4
DA:73,3
DA:75,1
DA:79,1
DA:81,0
DA:88,0
DA:89,0
DA:90,0
DA:92,0
DA:93,0
DA:96,0
DA:97,0
DA:99,0
DA:102,0
DA:104,0
DA:111,3
DA:112,3
DA:113,3
DA:115,3
DA:116,1
DA:119,2
DA:120,1
DA:122,1
DA:124,1
DA:126,0
DA:133,0
DA:134,0
DA:135,0
DA:136,0
DA:138,0
DA:139,0
DA:142,0
DA:143,0
DA:145,0
DA:148,0
DA:150,0
DA:157,0
DA:158,0
DA:159,0
DA:161,0
DA:162,0
DA:165,0
DA:166,0
DA:168,0
DA:171,0
DA:173,0
DA:179,2
LF:73
LH:39
BRDA:11,0,0,1
BRDA:11,1,0,1
BRDA:32,2,0,2
BRDA:32,2,1,0
BRDA:32,3,0,2
BRDA:32,3,1,1
BRDA:44,4,0,3
BRDA:44,4,1,2
BRDA:48,5,0,3
BRDA:48,5,1,2
BRDA:50,6,0,3
BRDA:50,6,1,2
BRDA:68,7,0,4
BRDA:68,7,1,1
BRDA:75,8,0,1
BRDA:75,8,1,0
BRDA:75,9,0,1
BRDA:75,9,1,1
BRDA:75,9,2,0
BRDA:75,9,3,0
BRDA:92,10,0,0
BRDA:92,10,1,0
BRDA:99,11,0,0
BRDA:99,11,1,0
BRDA:99,12,0,0
BRDA:99,12,1,0
BRDA:99,12,2,0
BRDA:113,13,0,3
BRDA:113,13,1,1
BRDA:115,14,0,1
BRDA:115,14,1,2
BRDA:122,15,0,1
BRDA:122,15,1,0
BRDA:122,16,0,1
BRDA:122,16,1,1
BRDA:135,17,0,0
BRDA:135,17,1,0
BRDA:138,18,0,0
BRDA:138,18,1,0
BRDA:145,19,0,0
BRDA:145,19,1,0
BRDA:145,20,0,0
BRDA:145,20,1,0
BRDA:145,20,2,0
BRDA:159,21,0,0
BRDA:159,21,1,0
BRDA:161,22,0,0
BRDA:161,22,1,0
BRDA:168,23,0,0
BRDA:168,23,1,0
BRDA:168,24,0,0
BRDA:168,24,1,0
BRDA:168,24,2,0
BRF:53
BRH:23
end_of_record
TN:
SF:src\repositories\roomRepository.js
FN:4,(anonymous_0)
FN:10,(anonymous_1)
FN:19,(anonymous_2)
FN:31,(anonymous_3)
FN:43,(anonymous_4)
FN:74,(anonymous_5)
FN:105,(anonymous_6)
FN:123,(anonymous_7)
FN:135,(anonymous_8)
FN:161,(anonymous_9)
FN:184,(anonymous_10)
FN:194,(anonymous_11)
FN:204,(anonymous_12)
FNF:13
FNH:11
FNDA:21,(anonymous_0)
FNDA:1,(anonymous_1)
FNDA:2,(anonymous_2)
FNDA:1,(anonymous_3)
FNDA:2,(anonymous_4)
FNDA:1,(anonymous_5)
FNDA:3,(anonymous_6)
FNDA:0,(anonymous_7)
FNDA:1,(anonymous_8)
FNDA:1,(anonymous_9)
FNDA:0,(anonymous_10)
FNDA:1,(anonymous_11)
FNDA:1,(anonymous_12)
DA:1,5
DA:5,21
DA:6,21
DA:12,1
DA:13,1
DA:15,1
DA:20,2
DA:32,1
DA:44,2
DA:45,2
DA:47,2
DA:62,2
DA:76,1
DA:77,1
DA:80,1
DA:81,1
DA:82,1
DA:83,1
DA:84,0
DA:88,1
DA:99,1
DA:101,1
DA:106,3
DA:117,3
DA:119,3
DA:124,0
DA:131,0
DA:136,1
DA:144,1
DA:151,1
DA:157,1
DA:162,1
DA:167,1
DA:174,1
DA:180,1
DA:185,0
DA:195,1
DA:205,1
DA:212,5
LF:39
LH:35
BRDA:43,0,0,1
BRDA:43,1,0,1
BRDA:43,2,0,1
BRDA:45,3,0,1
BRDA:45,3,1,1
BRDA:83,4,0,0
BRDA:83,4,1,1
BRF:7
BRH:6
end_of_record
TN:
SF:src\routes\roomRoutes.js
FN:8,createRoomController
FN:14,(anonymous_1)
FN:20,(anonymous_2)
FN:21,(anonymous_3)
FN:22,(anonymous_4)
FN:23,(anonymous_5)
FN:24,(anonymous_6)
FN:25,(anonymous_7)
FN:26,(anonymous_8)
FN:27,(anonymous_9)
FNF:10
FNH:10
FNDA:10,createRoomController
FNDA:10,(anonymous_1)
FNDA:3,(anonymous_2)
FNDA:1,(anonymous_3)
FNDA:1,(anonymous_4)
FNDA:1,(anonymous_5)
FNDA:1,(anonymous_6)
FNDA:1,(anonymous_7)
FNDA:1,(anonymous_8)
FNDA:1,(anonymous_9)
DA:1,1
DA:2,1
DA:3,1
DA:5,1
DA:9,10
DA:10,10
DA:14,1
DA:15,10
DA:16,10
DA:20,3
DA:21,1
DA:22,1
DA:23,1
DA:24,1
DA:25,1
DA:26,1
DA:27,1
DA:29,1
LF:18
LH:18
BRF:0
BRH:0
end_of_record
TN:
SF:src\services\roomService.js
FN:4,(anonymous_0)
FN:9,(anonymous_1)
FN:37,(anonymous_2)
FN:51,(anonymous_3)
FN:61,(anonymous_4)
FN:66,(anonymous_5)
FN:110,(anonymous_6)
FN:135,(anonymous_7)
FN:139,(anonymous_8)
FN:164,(anonymous_9)
FN:168,(anonymous_10)
FN:204,(anonymous_11)
FN:208,(anonymous_12)
FN:213,(anonymous_13)
FNF:14
FNH:7
FNDA:26,(anonymous_0)
FNDA:4,(anonymous_1)
FNDA:9,(anonymous_2)
FNDA:3,(anonymous_3)
FNDA:0,(anonymous_4)
FNDA:6,(anonymous_5)
FNDA:0,(anonymous_6)
FNDA:3,(anonymous_7)
FNDA:3,(anonymous_8)
FNDA:0,(anonymous_9)
FNDA:0,(anonymous_10)
FNDA:0,(anonymous_11)
FNDA:0,(anonymous_12)
FNDA:0,(anonymous_13)
DA:1,4
DA:5,26
DA:10,4
DA:13,4
DA:14,1
DA:17,3
DA:18,1
DA:21,2
DA:22,1
DA:25,1
DA:33,1
DA:38,9
DA:39,3
DA:42,6
DA:43,6
DA:44,1
DA:47,5
DA:52,3
DA:53,3
DA:54,0
DA:57,3
DA:62,0
DA:67,6
DA:70,6
DA:71,1
DA:74,5
DA:75,1
DA:79,4
DA:82,4
DA:83,1
DA:87,3
DA:88,1
DA:92,2
DA:93,2
DA:94,2
DA:95,1
DA:100,1
DA:106,1
DA:112,0
DA:113,0
DA:115,0
DA:116,0
DA:119,0
DA:122,0
DA:123,0
DA:124,0
DA:126,0
DA:131,0
DA:136,3
DA:139,3
DA:140,3
DA:141,1
DA:145,2
DA:146,1
DA:150,1
DA:151,0
DA:155,1
DA:160,1
DA:165,0
DA:168,0
DA:169,0
DA:170,0
DA:173,0
DA:174,0
DA:176,0
DA:177,0
DA:178,0
DA:180,0
DA:181,0
DA:183,0
DA:186,0
DA:187,0
DA:188,0
DA:190,0
DA:191,0
DA:193,0
DA:196,0
DA:197,0
DA:200,0
DA:205,0
DA:208,0
DA:209,0
DA:210,0
DA:213,0
DA:214,0
DA:215,0
DA:218,0
DA:219,0
DA:222,0
DA:226,4
LF:90
LH:46
BRDA:10,0,0,2
BRDA:13,1,0,1
BRDA:13,1,1,3
BRDA:13,2,0,4
BRDA:13,2,1,3
BRDA:17,3,0,1
BRDA:17,3,1,2
BRDA:21,4,0,1
BRDA:21,4,1,1
BRDA:21,5,0,2
BRDA:21,5,1,2
BRDA:38,6,0,3
BRDA:38,6,1,6
BRDA:38,7,0,9
BRDA:38,7,1,8
BRDA:38,7,2,6
BRDA:43,8,0,1
BRDA:43,8,1,5
BRDA:53,9,0,0
BRDA:53,9,1,3
BRDA:61,10,0,0
BRDA:70,11,0,1
BRDA:70,11,1,5
BRDA:70,12,0,6
BRDA:70,12,1,5
BRDA:74,13,0,1
BRDA:74,13,1,4
BRDA:82,14,0,1
BRDA:82,14,1,3
BRDA:87,15,0,1
BRDA:87,15,1,2
BRDA:92,16,0,2
BRDA:92,16,1,0
BRDA:94,17,0,1
BRDA:94,17,1,1
BRDA:115,18,0,0
BRDA:115,18,1,0
BRDA:122,19,0,0
BRDA:122,19,1,0
BRDA:122,20,0,0
BRDA:122,20,1,0
BRDA:124,21,0,0
BRDA:124,21,1,0
BRDA:140,22,0,1
BRDA:140,22,1,2
BRDA:140,23,0,3
BRDA:140,23,1,3
BRDA:145,24,0,1
BRDA:145,24,1,1
BRDA:150,25,0,0
BRDA:150,25,1,1
BRDA:169,26,0,0
BRDA:169,26,1,0
BRDA:169,27,0,0
BRDA:169,27,1,0
BRDA:176,28,0,0
BRDA:176,28,1,0
BRDA:177,29,0,0
BRDA:177,29,1,0
BRDA:177,30,0,0
BRDA:177,30,1,0
BRDA:180,31,0,0
BRDA:180,31,1,0
BRDA:186,32,0,0
BRDA:186,32,1,0
BRDA:187,33,0,0
BRDA:187,33,1,0
BRDA:187,34,0,0
BRDA:187,34,1,0
BRDA:190,35,0,0
BRDA:190,35,1,0
BRDA:196,36,0,0
BRDA:196,36,1,0
BRDA:209,37,0,0
BRDA:209,37,1,0
BRDA:209,38,0,0
BRDA:209,38,1,0
BRDA:214,39,0,0
BRDA:214,39,1,0
BRDA:218,40,0,0
BRDA:218,40,1,0
BRF:81
BRH:39
end_of_record
TN:
SF:src\utils\kafka.js
FN:3,createKafkaClient
FN:10,createProducer
FN:16,sendRoomEvent
FNF:3
FNH:3
FNDA:2,createKafkaClient
FNDA:1,createProducer
FNDA:9,sendRoomEvent
DA:1,6
DA:4,2
DA:11,1
DA:12,1
DA:13,1
DA:17,9
DA:18,9
DA:32,1
DA:36,6
LF:9
LH:9
BRDA:6,0,0,2
BRDA:6,0,1,0
BRDA:22,1,0,9
BRDA:22,1,1,6
BRF:4
BRH:3
end_of_record
